roweTalk/build/outputs/logs/manifest-merger-debug-report.txt
-- Merging decision tree log ---
manifest
ADDED from src\main\AndroidManifest.xml:2:1-208:12
	package
		ADDED from src\main\AndroidManifest.xml:3:5-35
		INJECTED from src\main\AndroidManifest.xml
		INJECTED from src\main\AndroidManifest.xml
	android:sharedUserId
		ADDED from src\main\AndroidManifest.xml:7:5-46
	android:versionName
		ADDED from src\main\AndroidManifest.xml:6:5-32
		INJECTED from src\main\AndroidManifest.xml
		INJECTED from src\main\AndroidManifest.xml
	android:versionCode
		ADDED from src\main\AndroidManifest.xml:5:5-30
		INJECTED from src\main\AndroidManifest.xml
		INJECTED from src\main\AndroidManifest.xml
	xmlns:android
		ADDED from src\main\AndroidManifest.xml:2:11-69
	android:persistent
		ADDED from src\main\AndroidManifest.xml:4:5-30
uses-sdk
ADDED from src\main\AndroidManifest.xml:9:5-11:41
	android:targetSdkVersion
		ADDED from src\main\AndroidManifest.xml:11:9-38
		INJECTED from src\main\AndroidManifest.xml
		INJECTED from src\main\AndroidManifest.xml
	android:minSdkVersion
		ADDED from src\main\AndroidManifest.xml:10:9-35
		INJECTED from src\main\AndroidManifest.xml
		INJECTED from src\main\AndroidManifest.xml
uses-permission#android.permission.SEND_SMS
ADDED from src\main\AndroidManifest.xml:13:5-67
	android:name
		ADDED from src\main\AndroidManifest.xml:13:22-64
uses-permission#android.permission.RECEIVE_SMS
ADDED from src\main\AndroidManifest.xml:14:5-70
	android:name
		ADDED from src\main\AndroidManifest.xml:14:22-67
uses-permission#android.permission.READ_SMS
ADDED from src\main\AndroidManifest.xml:15:5-67
	android:name
		ADDED from src\main\AndroidManifest.xml:15:22-64
uses-permission#android.permission.WRITE_SMS
ADDED from src\main\AndroidManifest.xml:16:5-68
	android:name
		ADDED from src\main\AndroidManifest.xml:16:22-65
uses-permission#android.permission.INTERNET
ADDED from src\main\AndroidManifest.xml:18:5-67
	android:name
		ADDED from src\main\AndroidManifest.xml:18:22-64
uses-permission#android.permission.RECEIVE_BOOT_COMPLETED
ADDED from src\main\AndroidManifest.xml:22:5-81
	android:name
		ADDED from src\main\AndroidManifest.xml:22:22-78
uses-permission#android.permission.READ_EXTERNAL_STORAGE
ADDED from src\main\AndroidManifest.xml:23:5-80
	android:name
		ADDED from src\main\AndroidManifest.xml:23:22-77
uses-permission#android.permission.WRITE_EXTERNAL_STORAGE
ADDED from src\main\AndroidManifest.xml:24:5-81
	android:name
		ADDED from src\main\AndroidManifest.xml:24:22-78
uses-permission#android.permission.ACCESS_ALL_EXTERNAL_STORAGE
ADDED from src\main\AndroidManifest.xml:25:5-86
	android:name
		ADDED from src\main\AndroidManifest.xml:25:22-83
uses-permission#android.permission.WAKE_LOCK
ADDED from src\main\AndroidManifest.xml:26:5-68
	android:name
		ADDED from src\main\AndroidManifest.xml:26:22-65
uses-permission#android.permission.INJECT_EVENTS
ADDED from src\main\AndroidManifest.xml:28:5-72
	android:name
		ADDED from src\main\AndroidManifest.xml:28:22-69
uses-permission#android.permission.DUMP
ADDED from src\main\AndroidManifest.xml:29:5-63
	android:name
		ADDED from src\main\AndroidManifest.xml:29:22-60
uses-permission#android.permission.WRITE_SETTINGS
ADDED from src\main\AndroidManifest.xml:30:5-73
	android:name
		ADDED from src\main\AndroidManifest.xml:30:22-70
uses-permission#android.permission.STATUS_BAR_SERVICE
ADDED from src\main\AndroidManifest.xml:32:5-77
	android:name
		ADDED from src\main\AndroidManifest.xml:32:22-74
uses-permission#android.permission.STATUS_BAR
ADDED from src\main\AndroidManifest.xml:33:5-69
	android:name
		ADDED from src\main\AndroidManifest.xml:33:22-66
uses-permission#android.permission.EXPAND_STATUS_BAR
ADDED from src\main\AndroidManifest.xml:34:5-76
	android:name
		ADDED from src\main\AndroidManifest.xml:34:22-73
uses-permission#android.permission.REMOTE_AUDIO_PLAYBACK
ADDED from src\main\AndroidManifest.xml:35:5-80
	android:name
		ADDED from src\main\AndroidManifest.xml:35:22-77
uses-permission#android.permission.MANAGE_USERS
ADDED from src\main\AndroidManifest.xml:37:5-71
	android:name
		ADDED from src\main\AndroidManifest.xml:37:22-68
uses-permission#android.permission.READ_PROFILE
ADDED from src\main\AndroidManifest.xml:38:5-71
	android:name
		ADDED from src\main\AndroidManifest.xml:38:22-68
uses-permission#android.permission.READ_CONTACTS
ADDED from src\main\AndroidManifest.xml:39:5-72
	android:name
		ADDED from src\main\AndroidManifest.xml:39:22-69
uses-permission#android.permission.CONFIGURE_WIFI_DISPLAY
ADDED from src\main\AndroidManifest.xml:40:5-81
	android:name
		ADDED from src\main\AndroidManifest.xml:40:22-78
uses-permission#android.permission.WRITE_SECURE_SETTINGS
ADDED from src\main\AndroidManifest.xml:41:5-80
	android:name
		ADDED from src\main\AndroidManifest.xml:41:22-77
uses-permission#android.permission.GET_APP_OPS_STATS
ADDED from src\main\AndroidManifest.xml:42:5-76
	android:name
		ADDED from src\main\AndroidManifest.xml:42:22-73
uses-permission#android.permission.BLUETOOTH
ADDED from src\main\AndroidManifest.xml:45:5-68
	android:name
		ADDED from src\main\AndroidManifest.xml:45:22-65
uses-permission#android.permission.BLUETOOTH_ADMIN
ADDED from src\main\AndroidManifest.xml:46:5-74
	android:name
		ADDED from src\main\AndroidManifest.xml:46:22-71
uses-permission#android.permission.ACCESS_NETWORK_STATE
ADDED from src\main\AndroidManifest.xml:47:5-79
	android:name
		ADDED from src\main\AndroidManifest.xml:47:22-76
uses-permission#android.permission.CHANGE_NETWORK_STATE
ADDED from src\main\AndroidManifest.xml:48:5-79
	android:name
		ADDED from src\main\AndroidManifest.xml:48:22-76
uses-permission#android.permission.READ_PHONE_STATE
ADDED from src\main\AndroidManifest.xml:49:5-75
	android:name
		ADDED from src\main\AndroidManifest.xml:49:22-72
uses-permission#android.permission.READ_PRECISE_PHONE_STATE
ADDED from src\main\AndroidManifest.xml:50:5-83
	android:name
		ADDED from src\main\AndroidManifest.xml:50:22-80
uses-permission#android.permission.ACCESS_WIFI_STATE
ADDED from src\main\AndroidManifest.xml:51:5-76
	android:name
		ADDED from src\main\AndroidManifest.xml:51:22-73
uses-permission#android.permission.CHANGE_WIFI_STATE
ADDED from src\main\AndroidManifest.xml:52:5-76
	android:name
		ADDED from src\main\AndroidManifest.xml:52:22-73
uses-permission#android.permission.MANAGE_NETWORK_POLICY
ADDED from src\main\AndroidManifest.xml:53:5-80
	android:name
		ADDED from src\main\AndroidManifest.xml:53:22-77
uses-permission#android.permission.CONNECTIVITY_INTERNAL
ADDED from src\main\AndroidManifest.xml:54:5-80
	android:name
		ADDED from src\main\AndroidManifest.xml:54:22-77
uses-permission#android.permission.READ_NETWORK_USAGE_HISTORY
ADDED from src\main\AndroidManifest.xml:55:5-85
	android:name
		ADDED from src\main\AndroidManifest.xml:55:22-82
uses-permission#android.permission.CONTROL_VPN
ADDED from src\main\AndroidManifest.xml:56:5-70
	android:name
		ADDED from src\main\AndroidManifest.xml:56:22-67
uses-permission#android.permission.MANAGE_USB
ADDED from src\main\AndroidManifest.xml:59:5-69
	android:name
		ADDED from src\main\AndroidManifest.xml:59:22-66
uses-permission#android.permission.DEVICE_POWER
ADDED from src\main\AndroidManifest.xml:60:5-71
	android:name
		ADDED from src\main\AndroidManifest.xml:60:22-68
uses-permission#android.permission.MOUNT_UNMOUNT_FILESYSTEMS
ADDED from src\main\AndroidManifest.xml:61:5-84
	android:name
		ADDED from src\main\AndroidManifest.xml:61:22-81
uses-permission#android.permission.MASTER_CLEAR
ADDED from src\main\AndroidManifest.xml:62:5-71
	android:name
		ADDED from src\main\AndroidManifest.xml:62:22-68
uses-permission#android.permission.VIBRATE
ADDED from src\main\AndroidManifest.xml:63:5-66
	android:name
		ADDED from src\main\AndroidManifest.xml:63:22-63
uses-permission#android.permission.REAL_GET_TASKS
ADDED from src\main\AndroidManifest.xml:66:5-73
	android:name
		ADDED from src\main\AndroidManifest.xml:66:22-70
uses-permission#android.permission.GET_DETAILED_TASKS
ADDED from src\main\AndroidManifest.xml:67:5-77
	android:name
		ADDED from src\main\AndroidManifest.xml:67:22-74
uses-permission#android.permission.REORDER_TASKS
ADDED from src\main\AndroidManifest.xml:68:5-72
	android:name
		ADDED from src\main\AndroidManifest.xml:68:22-69
uses-permission#android.permission.REMOVE_TASKS
ADDED from src\main\AndroidManifest.xml:69:5-71
	android:name
		ADDED from src\main\AndroidManifest.xml:69:22-68
uses-permission#android.permission.STOP_APP_SWITCHES
ADDED from src\main\AndroidManifest.xml:70:5-76
	android:name
		ADDED from src\main\AndroidManifest.xml:70:22-73
uses-permission#android.permission.SET_SCREEN_COMPATIBILITY
ADDED from src\main\AndroidManifest.xml:71:5-83
	android:name
		ADDED from src\main\AndroidManifest.xml:71:22-80
uses-permission#android.permission.START_ANY_ACTIVITY
ADDED from src\main\AndroidManifest.xml:72:5-77
	android:name
		ADDED from src\main\AndroidManifest.xml:72:22-74
uses-permission#android.permission.INTERACT_ACROSS_USERS
ADDED from src\main\AndroidManifest.xml:73:5-80
	android:name
		ADDED from src\main\AndroidManifest.xml:73:22-77
uses-permission#android.permission.INTERACT_ACROSS_USERS_FULL
ADDED from src\main\AndroidManifest.xml:74:5-85
	android:name
		ADDED from src\main\AndroidManifest.xml:74:22-82
uses-permission#android.permission.GET_TOP_ACTIVITY_INFO
ADDED from src\main\AndroidManifest.xml:75:5-80
	android:name
		ADDED from src\main\AndroidManifest.xml:75:22-77
uses-permission#android.permission.MANAGE_ACTIVITY_STACKS
ADDED from src\main\AndroidManifest.xml:76:5-81
	android:name
		ADDED from src\main\AndroidManifest.xml:76:22-78
uses-permission#android.permission.START_TASKS_FROM_RECENTS
ADDED from src\main\AndroidManifest.xml:77:5-83
	android:name
		ADDED from src\main\AndroidManifest.xml:77:22-80
uses-permission#android.permission.INTERNAL_SYSTEM_WINDOW
ADDED from src\main\AndroidManifest.xml:80:5-81
	android:name
		ADDED from src\main\AndroidManifest.xml:80:22-78
uses-permission#android.permission.SYSTEM_ALERT_WINDOW
ADDED from src\main\AndroidManifest.xml:81:5-78
	android:name
		ADDED from src\main\AndroidManifest.xml:81:22-75
uses-permission#android.permission.READ_FRAME_BUFFER
ADDED from src\main\AndroidManifest.xml:82:5-76
	android:name
		ADDED from src\main\AndroidManifest.xml:82:22-73
uses-permission#android.permission.MANAGE_APP_TOKENS
ADDED from src\main\AndroidManifest.xml:83:5-76
	android:name
		ADDED from src\main\AndroidManifest.xml:83:22-73
uses-permission#android.permission.SET_ORIENTATION
ADDED from src\main\AndroidManifest.xml:84:5-74
	android:name
		ADDED from src\main\AndroidManifest.xml:84:22-71
uses-permission#android.permission.DISABLE_KEYGUARD
ADDED from src\main\AndroidManifest.xml:85:5-75
	android:name
		ADDED from src\main\AndroidManifest.xml:85:22-72
uses-permission#android.permission.READ_DREAM_STATE
ADDED from src\main\AndroidManifest.xml:88:5-75
	android:name
		ADDED from src\main\AndroidManifest.xml:88:22-72
uses-permission#android.permission.WRITE_DREAM_STATE
ADDED from src\main\AndroidManifest.xml:89:5-76
	android:name
		ADDED from src\main\AndroidManifest.xml:89:22-73
uses-permission#com.android.alarm.permission.SET_ALARM
ADDED from src\main\AndroidManifest.xml:92:5-78
	android:name
		ADDED from src\main\AndroidManifest.xml:92:22-75
uses-permission#android.permission.CONTROL_KEYGUARD
ADDED from src\main\AndroidManifest.xml:95:5-75
	android:name
		ADDED from src\main\AndroidManifest.xml:95:22-72
uses-permission#android.permission.MODIFY_PHONE_STATE
ADDED from src\main\AndroidManifest.xml:96:5-77
	android:name
		ADDED from src\main\AndroidManifest.xml:96:22-74
uses-permission#android.permission.GET_ACCOUNTS
ADDED from src\main\AndroidManifest.xml:97:5-71
	android:name
		ADDED from src\main\AndroidManifest.xml:97:22-68
uses-permission#android.permission.MANAGE_ACCOUNTS
ADDED from src\main\AndroidManifest.xml:98:5-74
	android:name
		ADDED from src\main\AndroidManifest.xml:98:22-71
uses-permission#android.permission.BIND_DEVICE_ADMIN
ADDED from src\main\AndroidManifest.xml:99:5-76
	android:name
		ADDED from src\main\AndroidManifest.xml:99:22-73
uses-permission#android.permission.CHANGE_COMPONENT_ENABLED_STATE
ADDED from src\main\AndroidManifest.xml:100:5-89
	android:name
		ADDED from src\main\AndroidManifest.xml:100:22-86
uses-permission#android.permission.MEDIA_CONTENT_CONTROL
ADDED from src\main\AndroidManifest.xml:101:5-80
	android:name
		ADDED from src\main\AndroidManifest.xml:101:22-77
uses-permission#android.permission.ACCESS_KEYGUARD_SECURE_STORAGE
ADDED from src\main\AndroidManifest.xml:102:5-89
	android:name
		ADDED from src\main\AndroidManifest.xml:102:22-86
uses-permission#android.permission.TRUST_LISTENER
ADDED from src\main\AndroidManifest.xml:103:5-73
	android:name
		ADDED from src\main\AndroidManifest.xml:103:22-70
uses-permission#android.permission.BROADCAST_STICKY
ADDED from src\main\AndroidManifest.xml:104:5-75
	android:name
		ADDED from src\main\AndroidManifest.xml:104:22-72
uses-permission#android.permission.BIND_APPWIDGET
ADDED from src\main\AndroidManifest.xml:107:5-73
	android:name
		ADDED from src\main\AndroidManifest.xml:107:22-70
uses-permission#android.permission.CAMERA
ADDED from src\main\AndroidManifest.xml:112:5-65
	android:name
		ADDED from src\main\AndroidManifest.xml:112:22-62
uses-permission#android.permission.MANAGE_MEDIA_PROJECTION
ADDED from src\main\AndroidManifest.xml:115:5-82
	android:name
		ADDED from src\main\AndroidManifest.xml:115:22-79
uses-permission#com.mediatek.ppl.permission.ACCESS_PPL_MANAGER
ADDED from src\main\AndroidManifest.xml:119:5-86
	android:name
		ADDED from src\main\AndroidManifest.xml:119:22-83
uses-permission#android.permission.INSTALL_PACKAGES
ADDED from src\main\AndroidManifest.xml:122:5-75
	android:name
		ADDED from src\main\AndroidManifest.xml:122:22-72
uses-permission#android.permission.DELETE_PACKAGES
ADDED from src\main\AndroidManifest.xml:123:5-74
	android:name
		ADDED from src\main\AndroidManifest.xml:123:22-71
uses-permission#android.permission.WRITE_APN_SETTINGS
ADDED from src\main\AndroidManifest.xml:126:5-76
	android:name
		ADDED from src\main\AndroidManifest.xml:126:22-74
uses-permission#android.permission.WRITE_MEDIA_STORAGE
ADDED from src\main\AndroidManifest.xml:128:5-78
	android:name
		ADDED from src\main\AndroidManifest.xml:128:22-75
application
ADDED from src\main\AndroidManifest.xml:140:5-206:19
	android:label
		ADDED from src\main\AndroidManifest.xml:145:9-41
	android:hardwareAccelerated
		ADDED from src\main\AndroidManifest.xml:142:9-43
	android:allowBackup
		ADDED from src\main\AndroidManifest.xml:143:9-35
	android:icon
		ADDED from src\main\AndroidManifest.xml:144:9-45
	android:largeHeap
		ADDED from src\main\AndroidManifest.xml:146:9-33
	android:theme
		ADDED from src\main\AndroidManifest.xml:147:9-40
	android:name
		ADDED from src\main\AndroidManifest.xml:141:9-52
activity#com.example.rowetalk.activity.MainActivity
ADDED from src\main\AndroidManifest.xml:148:9-160:20
	android:screenOrientation
		ADDED from src\main\AndroidManifest.xml:153:13-49
	android:label
		ADDED from src\main\AndroidManifest.xml:151:13-45
	android:launchMode
		ADDED from src\main\AndroidManifest.xml:152:13-44
	android:windowSoftInputMode
		ADDED from src\main\AndroidManifest.xml:154:13-72
	android:configChanges
		ADDED from src\main\AndroidManifest.xml:150:13-170
	android:name
		ADDED from src\main\AndroidManifest.xml:149:13-50
intent-filter#android.intent.action.MAIN+android.intent.category.LAUNCHER
ADDED from src\main\AndroidManifest.xml:155:13-159:29
action#android.intent.action.MAIN
ADDED from src\main\AndroidManifest.xml:156:17-69
	android:name
		ADDED from src\main\AndroidManifest.xml:156:25-66
category#android.intent.category.LAUNCHER
ADDED from src\main\AndroidManifest.xml:158:17-77
	android:name
		ADDED from src\main\AndroidManifest.xml:158:27-74
activity#com.example.rowetalk.activity.BtDeviceListActivity
ADDED from src\main\AndroidManifest.xml:161:9-166:64
	android:screenOrientation
		ADDED from src\main\AndroidManifest.xml:165:13-49
	android:label
		ADDED from src\main\AndroidManifest.xml:164:13-45
	android:configChanges
		ADDED from src\main\AndroidManifest.xml:163:13-74
	android:theme
		ADDED from src\main\AndroidManifest.xml:166:13-61
	android:name
		ADDED from src\main\AndroidManifest.xml:162:13-58
activity#com.example.rowetalk.activity.MifiDeviceListActivity
ADDED from src\main\AndroidManifest.xml:167:9-172:64
	android:screenOrientation
		ADDED from src\main\AndroidManifest.xml:171:13-49
	android:label
		ADDED from src\main\AndroidManifest.xml:170:13-45
	android:configChanges
		ADDED from src\main\AndroidManifest.xml:169:13-74
	android:theme
		ADDED from src\main\AndroidManifest.xml:172:13-61
	android:name
		ADDED from src\main\AndroidManifest.xml:168:13-60
activity#com.example.rowetalk.activity.SetupParamsActivity
ADDED from src\main\AndroidManifest.xml:173:9-178:64
	android:screenOrientation
		ADDED from src\main\AndroidManifest.xml:177:13-49
	android:label
		ADDED from src\main\AndroidManifest.xml:176:13-49
	android:configChanges
		ADDED from src\main\AndroidManifest.xml:175:13-74
	android:theme
		ADDED from src\main\AndroidManifest.xml:178:13-61
	android:name
		ADDED from src\main\AndroidManifest.xml:174:13-57
activity#com.example.rowetalk.activity.SetupVpnActivity
ADDED from src\main\AndroidManifest.xml:179:9-184:64
	android:screenOrientation
		ADDED from src\main\AndroidManifest.xml:183:13-49
	android:label
		ADDED from src\main\AndroidManifest.xml:182:13-47
	android:configChanges
		ADDED from src\main\AndroidManifest.xml:181:13-74
	android:theme
		ADDED from src\main\AndroidManifest.xml:184:13-61
	android:name
		ADDED from src\main\AndroidManifest.xml:180:13-54
service#com.example.rowetalk.service.MainService
ADDED from src\main\AndroidManifest.xml:186:9-190:19
	android:enabled
		ADDED from src\main\AndroidManifest.xml:188:13-35
	android:exported
		ADDED from src\main\AndroidManifest.xml:189:13-36
	android:name
		ADDED from src\main\AndroidManifest.xml:187:13-48
receiver#com.example.rowetalk.receiver.MainReceiver
ADDED from src\main\AndroidManifest.xml:192:9-205:20
	android:enabled
		ADDED from src\main\AndroidManifest.xml:194:13-35
	android:exported
		ADDED from src\main\AndroidManifest.xml:195:13-36
	android:name
		ADDED from src\main\AndroidManifest.xml:193:13-70
intent-filter#android.intent.action.BOOT_COMPLETED+ty.intent.rowetalk.next_step+ty.intent.rowetalk.start_service+ty.intent.rowetalk.stop_service+ty.intent.rowetalk.test_script+ty.intent.rowetalk.update_check+ty.intent.rowetalk.view_cmd
ADDED from src\main\AndroidManifest.xml:196:13-204:29
action#android.intent.action.BOOT_COMPLETED
ADDED from src\main\AndroidManifest.xml:197:5-67
	android:name
		ADDED from src\main\AndroidManifest.xml:197:13-64
action#ty.intent.rowetalk.start_service
ADDED from src\main\AndroidManifest.xml:198:5-63
	android:name
		ADDED from src\main\AndroidManifest.xml:198:13-60
action#ty.intent.rowetalk.stop_service
ADDED from src\main\AndroidManifest.xml:199:5-62
	android:name
		ADDED from src\main\AndroidManifest.xml:199:13-59
action#ty.intent.rowetalk.update_check
ADDED from src\main\AndroidManifest.xml:200:5-62
	android:name
		ADDED from src\main\AndroidManifest.xml:200:13-59
action#ty.intent.rowetalk.test_script
ADDED from src\main\AndroidManifest.xml:201:5-61
	android:name
		ADDED from src\main\AndroidManifest.xml:201:13-58
action#ty.intent.rowetalk.next_step
ADDED from src\main\AndroidManifest.xml:202:5-59
	android:name
		ADDED from src\main\AndroidManifest.xml:202:13-56
action#ty.intent.rowetalk.view_cmd
ADDED from src\main\AndroidManifest.xml:203:5-58
	android:name
		ADDED from src\main\AndroidManifest.xml:203:13-55